2015-06-17 14:21:13.084 [WARN ] [o.config.core.ConfigDispatcher] - Main openHAB configuration file 'configurations/openhab.cfg' does not exist.
2015-06-17 14:21:13.090 [INFO ] [.o.core.internal.CoreActivator] - openHAB runtime has been started (v1.6.2).
2015-06-17 14:21:14.262 [INFO ] [o.o.i.s.i.DiscoveryServiceImpl] - mDNS service has been started
2015-06-17 14:21:14.311 [INFO ] [o.o.i.s.i.DiscoveryServiceImpl] - Service Discovery initialization completed.
2015-06-17 14:21:16.351 [INFO ] [penhab.io.rest.RESTApplication] - Started REST API at /rest
2015-06-17 14:21:23.768 [INFO ] [c.internal.ModelRepositoryImpl] - Loading model 'db4o.persist'
2015-06-17 14:21:23.868 [INFO ] [c.internal.ModelRepositoryImpl] - Loading model 'logging.persist'
2015-06-17 14:21:23.877 [INFO ] [c.internal.ModelRepositoryImpl] - Loading model 'rrd4j.persist'
2015-06-17 14:21:24.785 [INFO ] [.o.u.w.i.servlet.WebAppServlet] - Started Classic UI at /openhab.app
2015-06-17 14:21:28.181 [INFO ] [.o.io.habmin.HABminApplication] - Started HABmin REST API at /services/habmin
2015-06-17 14:21:33.680 [INFO ] [.service.AbstractActiveService] - HTTP Refresh Service has been started
2015-06-17 14:21:33.780 [INFO ] [.z.internal.ZWaveActiveBinding] - Update config, port = /dev/cu.SLAB_USBtoUART
2015-06-17 14:21:33.780 [INFO ] [.z.internal.ZWaveActiveBinding] - Update config, healtime = 2
2015-06-17 14:21:33.782 [INFO ] [.service.AbstractActiveService] - ZWave Refresh Service has been started
2015-06-17 14:21:33.809 [INFO ] [b.z.i.protocol.ZWaveController] - Starting Z-Wave controller
2015-06-17 14:21:33.809 [INFO ] [b.z.i.protocol.ZWaveController] - Z-Wave timeout is set to 5000ms. Soft reset is false.
2015-06-17 14:21:33.809 [INFO ] [b.z.i.protocol.ZWaveController] - Connecting to serial port /dev/cu.SLAB_USBtoUART
2015-06-17 14:21:33.844 [INFO ] [b.z.i.protocol.ZWaveController] - Serial port is initialized
2015-06-17 14:21:33.893 [INFO ] [.service.AbstractActiveService] - NTP Refresh Service has been started
2015-06-17 14:21:36.946 [INFO ] [rialApiGetInitDataMessageClass] - NODE 1: Node found
2015-06-17 14:21:36.947 [INFO ] [rialApiGetInitDataMessageClass] - NODE 3: Node found
2015-06-17 14:21:36.947 [INFO ] [rialApiGetInitDataMessageClass] - NODE 5: Node found
2015-06-17 14:21:36.947 [INFO ] [rialApiGetInitDataMessageClass] - NODE 6: Node found
2015-06-17 14:21:36.947 [INFO ] [rialApiGetInitDataMessageClass] - NODE 7: Node found
2015-06-17 14:21:36.948 [INFO ] [rialApiGetInitDataMessageClass] - ZWave Controller using Controller API
2015-06-17 14:21:36.948 [INFO ] [rialApiGetInitDataMessageClass] - ZWave Controller is Primary Controller
2015-06-17 14:21:36.948 [INFO ] [rialApiGetInitDataMessageClass] - ------------Number of Nodes Found Registered to ZWave Controller------------
2015-06-17 14:21:36.948 [INFO ] [rialApiGetInitDataMessageClass] - # Nodes = 5
2015-06-17 14:21:36.949 [INFO ] [rialApiGetInitDataMessageClass] - ----------------------------------------------------------------------------
2015-06-17 14:21:37.152 [WARN ] [.o.b.z.i.p.c.ZWaveCommandClass] - NODE 3: Unsupported command class SWITCH_ALL
2015-06-17 14:21:37.156 [WARN ] [.o.b.z.i.p.c.ZWaveCommandClass] - NODE 5: Unsupported command class SWITCH_ALL
2015-06-17 14:21:37.164 [WARN ] [.o.b.z.i.p.c.ZWaveCommandClass] - NODE 7: Unsupported command class SWITCH_ALL
2015-06-17 14:21:37.233 [WARN ] [i.p.s.IsFailedNodeMessageClass] - NODE 3: Is currently marked as failed by the controller!
2015-06-17 14:21:37.237 [WARN ] [i.p.s.IsFailedNodeMessageClass] - NODE 5: Is currently marked as failed by the controller!
2015-06-17 14:21:37.239 [WARN ] [i.p.s.IsFailedNodeMessageClass] - NODE 6: Is currently marked as failed by the controller!
2015-06-17 14:21:37.242 [WARN ] [i.p.s.IsFailedNodeMessageClass] - NODE 7: Is currently marked as failed by the controller!
2015-06-17 14:21:38.563 [ERROR] [b.z.i.p.s.SendDataMessageClass] - NODE 3: Node is DEAD. Dropping message.
2015-06-17 14:21:39.320 [ERROR] [b.z.i.p.s.SendDataMessageClass] - NODE 5: Node is DEAD. Dropping message.
2015-06-17 14:21:40.156 [ERROR] [b.z.i.p.s.SendDataMessageClass] - NODE 6: Node is DEAD. Dropping message.
2015-06-17 14:21:40.990 [ERROR] [b.z.i.p.s.SendDataMessageClass] - NODE 7: Node is DEAD. Dropping message.
2015-06-17 14:21:43.657 [ERROR] [b.z.i.p.s.SendDataMessageClass] - NODE 3: Node is DEAD. Dropping message.
2015-06-17 14:21:44.413 [ERROR] [b.z.i.p.s.SendDataMessageClass] - NODE 5: Node is DEAD. Dropping message.
2015-06-17 14:21:45.205 [ERROR] [b.z.i.p.s.SendDataMessageClass] - NODE 7: Node is DEAD. Dropping message.
2015-06-17 14:21:46.123 [ERROR] [b.z.i.p.s.SendDataMessageClass] - NODE 6: Node is DEAD. Dropping message.
2015-06-17 14:21:51.917 [ERROR] [i.h.s.p.PersistenceModelHelper] - Can't open model file 'exec'
2015-06-17 14:21:52.976 [ERROR] [b.z.i.p.s.SendDataMessageClass] - NODE 5: Node is DEAD. Dropping message.
2015-06-17 14:21:54.374 [ERROR] [b.z.i.p.s.SendDataMessageClass] - NODE 3: Node is DEAD. Dropping message.
2015-06-17 14:21:55.108 [ERROR] [b.z.i.p.s.SendDataMessageClass] - NODE 7: Node is DEAD. Dropping message.
2015-06-17 14:21:56.026 [ERROR] [b.z.i.p.s.SendDataMessageClass] - NODE 6: Node is DEAD. Dropping message.
2015-06-17 14:22:13.621 [ERROR] [b.z.i.p.s.SendDataMessageClass] - NODE 3: Node is DEAD. Dropping message.
2015-06-17 14:22:14.340 [ERROR] [b.z.i.p.s.SendDataMessageClass] - NODE 5: Node is DEAD. Dropping message.
2015-06-17 14:22:15.193 [ERROR] [b.z.i.p.s.SendDataMessageClass] - NODE 7: Node is DEAD. Dropping message.
2015-06-17 14:22:16.069 [ERROR] [b.z.i.p.s.SendDataMessageClass] - NODE 6: Node is DEAD. Dropping message.
2015-06-17 14:22:53.669 [ERROR] [b.z.i.p.s.SendDataMessageClass] - NODE 3: Node is DEAD. Dropping message.
2015-06-17 14:22:54.425 [ERROR] [b.z.i.p.s.SendDataMessageClass] - NODE 5: Node is DEAD. Dropping message.
2015-06-17 14:22:55.257 [ERROR] [b.z.i.p.s.SendDataMessageClass] - NODE 6: Node is DEAD. Dropping message.
2015-06-17 14:22:56.168 [ERROR] [b.z.i.p.s.SendDataMessageClass] - NODE 7: Node is DEAD. Dropping message.
2015-06-17 14:23:10.170 [ERROR] [b.z.i.p.s.SendDataMessageClass] - NODE 3: Node is DEAD. Dropping message.
2015-06-17 14:24:13.647 [ERROR] [b.z.i.p.s.SendDataMessageClass] - NODE 3: Node is DEAD. Dropping message.
2015-06-17 14:24:14.303 [ERROR] [b.z.i.p.s.SendDataMessageClass] - NODE 5: Node is DEAD. Dropping message.
2015-06-17 14:24:15.131 [ERROR] [b.z.i.p.s.SendDataMessageClass] - NODE 7: Node is DEAD. Dropping message.
2015-06-17 14:24:15.990 [ERROR] [b.z.i.p.s.SendDataMessageClass] - NODE 6: Node is DEAD. Dropping message.
2015-06-17 14:24:40.295 [ERROR] [b.z.i.p.s.SendDataMessageClass] - NODE 3: Node is DEAD. Dropping message.
2015-06-17 14:25:33.558 [INFO ] [penhab.io.rest.RESTApplication] - Stopped REST API
2015-06-17 14:25:37.587 [INFO ] [.o.u.w.i.servlet.WebAppServlet] - Stopped Classic UI
2015-06-17 14:25:37.599 [INFO ] [.o.io.habmin.HABminApplication] - Stopped HABmin REST API
2015-11-04 21:21:58.246 [WARN ] [o.config.core.ConfigDispatcher] - Main openHAB configuration file 'configurations/openhab.cfg' does not exist.
2015-11-04 21:21:58.315 [INFO ] [.o.core.internal.CoreActivator] - openHAB runtime has been started (v1.6.2).
2015-11-04 21:22:03.156 [INFO ] [o.o.i.s.i.DiscoveryServiceImpl] - mDNS service has been started
2015-11-04 21:22:03.678 [INFO ] [o.o.i.s.i.DiscoveryServiceImpl] - Service Discovery initialization completed.
2015-11-04 21:22:11.322 [INFO ] [c.internal.ModelRepositoryImpl] - Loading model 'logging.persist'
2015-11-04 21:22:11.777 [INFO ] [c.internal.ModelRepositoryImpl] - Loading model 'rrd4j.persist'
2015-11-04 21:22:11.817 [INFO ] [c.internal.ModelRepositoryImpl] - Loading model 'db4o.persist'
2015-11-04 21:22:13.210 [INFO ] [penhab.io.rest.RESTApplication] - Started REST API at /rest
2015-11-04 21:22:18.834 [INFO ] [.o.u.w.i.servlet.WebAppServlet] - Started Classic UI at /openhab.app
2015-11-04 21:22:26.284 [INFO ] [.o.io.habmin.HABminApplication] - Started HABmin REST API at /services/habmin
2015-11-04 21:22:31.778 [INFO ] [.service.AbstractActiveService] - NTP Refresh Service has been started
2015-11-04 21:22:32.185 [INFO ] [.service.AbstractActiveService] - HTTP Refresh Service has been started
2015-11-04 21:22:32.244 [INFO ] [.z.internal.ZWaveActiveBinding] - Update config, port = /dev/cu.SLAB_USBtoUART
2015-11-04 21:22:32.246 [INFO ] [.z.internal.ZWaveActiveBinding] - Update config, healtime = 2
2015-11-04 21:22:32.248 [INFO ] [.service.AbstractActiveService] - ZWave Refresh Service has been started
2015-11-04 21:22:32.356 [INFO ] [b.z.i.protocol.ZWaveController] - Starting Z-Wave controller
2015-11-04 21:22:32.357 [INFO ] [b.z.i.protocol.ZWaveController] - Z-Wave timeout is set to 5000ms. Soft reset is false.
2015-11-04 21:22:32.359 [INFO ] [b.z.i.protocol.ZWaveController] - Connecting to serial port /dev/cu.SLAB_USBtoUART
2015-11-04 21:22:32.792 [ERROR] [b.z.i.protocol.ZWaveController] - Serial Error: Port /dev/cu.SLAB_USBtoUART does not exist
2015-11-04 21:22:37.251 [INFO ] [.service.AbstractActiveService] - ZWave Refresh Service has been shut down
2015-11-04 21:22:54.459 [INFO ] [penhab.io.rest.RESTApplication] - Stopped REST API
2015-11-04 21:22:58.500 [INFO ] [.o.u.w.i.servlet.WebAppServlet] - Stopped Classic UI
2015-11-04 21:22:58.516 [INFO ] [.o.io.habmin.HABminApplication] - Stopped HABmin REST API
2015-11-04 21:27:00.381 [WARN ] [o.config.core.ConfigDispatcher] - Main openHAB configuration file 'configurations/openhab.cfg' does not exist.
2015-11-04 21:27:00.418 [INFO ] [.o.core.internal.CoreActivator] - openHAB runtime has been started (v1.6.2).
2015-11-04 21:27:05.213 [INFO ] [o.o.i.s.i.DiscoveryServiceImpl] - mDNS service has been started
2015-11-04 21:27:05.734 [INFO ] [o.o.i.s.i.DiscoveryServiceImpl] - Service Discovery initialization completed.
2015-11-04 21:27:13.386 [INFO ] [c.internal.ModelRepositoryImpl] - Loading model 'logging.persist'
2015-11-04 21:27:13.850 [INFO ] [c.internal.ModelRepositoryImpl] - Loading model 'rrd4j.persist'
2015-11-04 21:27:14.374 [INFO ] [c.internal.ModelRepositoryImpl] - Loading model 'db4o.persist'
2015-11-04 21:27:15.031 [INFO ] [penhab.io.rest.RESTApplication] - Started REST API at /rest
2015-11-04 21:27:20.508 [INFO ] [.o.u.w.i.servlet.WebAppServlet] - Started Classic UI at /openhab.app
2015-11-04 21:27:28.989 [INFO ] [.o.io.habmin.HABminApplication] - Started HABmin REST API at /services/habmin
2015-11-04 21:27:34.638 [INFO ] [.service.AbstractActiveService] - NTP Refresh Service has been started
2015-11-04 21:27:34.802 [INFO ] [.service.AbstractActiveService] - HTTP Refresh Service has been started
2015-11-04 21:27:34.866 [INFO ] [.z.internal.ZWaveActiveBinding] - Update config, port = /dev/ttyACM0
2015-11-04 21:27:34.868 [INFO ] [.z.internal.ZWaveActiveBinding] - Update config, healtime = 2
2015-11-04 21:27:34.870 [INFO ] [.service.AbstractActiveService] - ZWave Refresh Service has been started
2015-11-04 21:27:34.957 [INFO ] [b.z.i.protocol.ZWaveController] - Starting Z-Wave controller
2015-11-04 21:27:34.959 [INFO ] [b.z.i.protocol.ZWaveController] - Z-Wave timeout is set to 5000ms. Soft reset is false.
2015-11-04 21:27:34.960 [INFO ] [b.z.i.protocol.ZWaveController] - Connecting to serial port /dev/ttyACM0
2015-11-04 21:27:35.076 [INFO ] [b.z.i.protocol.ZWaveController] - Serial port is initialized
2015-11-04 21:27:38.387 [INFO ] [rialApiGetInitDataMessageClass] - NODE 1: Node found
2015-11-04 21:27:38.389 [INFO ] [rialApiGetInitDataMessageClass] - ZWave Controller using Controller API
2015-11-04 21:27:38.390 [INFO ] [rialApiGetInitDataMessageClass] - ZWave Controller is Primary Controller
2015-11-04 21:27:38.391 [INFO ] [rialApiGetInitDataMessageClass] - ------------Number of Nodes Found Registered to ZWave Controller------------
2015-11-04 21:27:38.393 [INFO ] [rialApiGetInitDataMessageClass] - # Nodes = 1
2015-11-04 21:27:38.394 [INFO ] [rialApiGetInitDataMessageClass] - ----------------------------------------------------------------------------
2015-11-04 21:27:39.363 [WARN ] [b.z.i.protocol.ZWaveController] - NODE 1: Config file data is invalid, ignoring config.
2015-11-04 21:28:41.831 [WARN ] [e.jetty.servlet.ServletHandler] - /openhab.app
org.openhab.ui.webapp.render.RenderException: Sitemap 'default' could not be found
	at org.openhab.ui.webapp.internal.servlet.WebAppServlet.service(WebAppServlet.java:114) ~[na:na]
	at org.eclipse.equinox.http.servlet.internal.ServletRegistration.service(ServletRegistration.java:61) ~[na:na]
	at org.eclipse.equinox.http.servlet.internal.ProxyServlet.processAlias(ProxyServlet.java:128) ~[na:na]
	at org.eclipse.equinox.http.servlet.internal.ProxyServlet.service(ProxyServlet.java:60) ~[na:na]
	at javax.servlet.http.HttpServlet.service(HttpServlet.java:848) ~[javax.servlet_3.0.0.v201112011016.jar:na]
	at org.eclipse.jetty.servlet.ServletHolder.handle(ServletHolder.java:598) ~[org.eclipse.jetty.servlet_8.1.3.v20120522.jar:8.1.3.v20120522]
	at org.eclipse.jetty.servlet.ServletHandler.doHandle(ServletHandler.java:486) [org.eclipse.jetty.servlet_8.1.3.v20120522.jar:8.1.3.v20120522]
	at org.eclipse.jetty.server.session.SessionHandler.doHandle(SessionHandler.java:231) [org.eclipse.jetty.server_8.1.3.v20120522.jar:8.1.3.v20120522]
	at org.eclipse.jetty.server.handler.ContextHandler.doHandle(ContextHandler.java:1065) [org.eclipse.jetty.server_8.1.3.v20120522.jar:8.1.3.v20120522]
	at org.eclipse.jetty.servlet.ServletHandler.doScope(ServletHandler.java:413) [org.eclipse.jetty.servlet_8.1.3.v20120522.jar:8.1.3.v20120522]
	at org.eclipse.jetty.server.session.SessionHandler.doScope(SessionHandler.java:192) [org.eclipse.jetty.server_8.1.3.v20120522.jar:8.1.3.v20120522]
	at org.eclipse.jetty.server.handler.ContextHandler.doScope(ContextHandler.java:999) [org.eclipse.jetty.server_8.1.3.v20120522.jar:8.1.3.v20120522]
	at org.eclipse.jetty.server.handler.ScopedHandler.handle(ScopedHandler.java:117) [org.eclipse.jetty.server_8.1.3.v20120522.jar:8.1.3.v20120522]
	at org.eclipse.jetty.server.handler.ContextHandlerCollection.handle(ContextHandlerCollection.java:250) [org.eclipse.jetty.server_8.1.3.v20120522.jar:8.1.3.v20120522]
	at org.eclipse.jetty.server.handler.HandlerCollection.handle(HandlerCollection.java:149) [org.eclipse.jetty.server_8.1.3.v20120522.jar:8.1.3.v20120522]
	at org.eclipse.jetty.server.handler.HandlerWrapper.handle(HandlerWrapper.java:111) [org.eclipse.jetty.server_8.1.3.v20120522.jar:8.1.3.v20120522]
	at org.eclipse.jetty.server.Server.handle(Server.java:350) [org.eclipse.jetty.server_8.1.3.v20120522.jar:8.1.3.v20120522]
	at org.eclipse.jetty.server.AbstractHttpConnection.handleRequest(AbstractHttpConnection.java:454) [org.eclipse.jetty.server_8.1.3.v20120522.jar:8.1.3.v20120522]
	at org.eclipse.jetty.server.AbstractHttpConnection.headerComplete(AbstractHttpConnection.java:890) [org.eclipse.jetty.server_8.1.3.v20120522.jar:8.1.3.v20120522]
	at org.eclipse.jetty.server.AbstractHttpConnection$RequestHandler.headerComplete(AbstractHttpConnection.java:944) [org.eclipse.jetty.server_8.1.3.v20120522.jar:8.1.3.v20120522]
	at org.eclipse.jetty.http.HttpParser.parseNext(HttpParser.java:630) [org.eclipse.jetty.http_8.1.3.v20120522.jar:8.1.3.v20120522]
	at org.eclipse.jetty.http.HttpParser.parseAvailable(HttpParser.java:230) [org.eclipse.jetty.http_8.1.3.v20120522.jar:8.1.3.v20120522]
	at org.eclipse.jetty.server.AsyncHttpConnection.handle(AsyncHttpConnection.java:77) [org.eclipse.jetty.server_8.1.3.v20120522.jar:8.1.3.v20120522]
	at org.eclipse.jetty.io.nio.SelectChannelEndPoint.handle(SelectChannelEndPoint.java:606) [org.eclipse.jetty.io_8.1.3.v20120522.jar:8.1.3.v20120522]
	at org.eclipse.jetty.io.nio.SelectChannelEndPoint$1.run(SelectChannelEndPoint.java:46) [org.eclipse.jetty.io_8.1.3.v20120522.jar:8.1.3.v20120522]
	at org.eclipse.jetty.util.thread.QueuedThreadPool.runJob(QueuedThreadPool.java:603) [org.eclipse.jetty.util_8.1.3.v20120522.jar:8.1.3.v20120522]
	at org.eclipse.jetty.util.thread.QueuedThreadPool$3.run(QueuedThreadPool.java:538) [org.eclipse.jetty.util_8.1.3.v20120522.jar:8.1.3.v20120522]
	at java.lang.Thread.run(Thread.java:744) [na:1.8.0]
2015-11-04 21:28:53.764 [ERROR] [i.h.s.p.PersistenceModelHelper] - Can't open model file 'exec'
2015-11-04 21:30:42.136 [ERROR] [i.h.s.p.PersistenceModelHelper] - Can't open model file 'exec'
2015-11-04 21:32:29.529 [ERROR] [i.h.s.p.PersistenceModelHelper] - Can't open model file 'exec'
2015-11-04 21:38:39.587 [INFO ] [penhab.io.rest.RESTApplication] - Stopped REST API
2015-11-04 21:38:43.640 [INFO ] [.o.u.w.i.servlet.WebAppServlet] - Stopped Classic UI
2015-11-04 21:38:43.654 [INFO ] [.o.io.habmin.HABminApplication] - Stopped HABmin REST API
2015-11-04 21:59:47.857 [WARN ] [o.config.core.ConfigDispatcher] - Main openHAB configuration file 'configurations/openhab.cfg' does not exist.
2015-11-04 21:59:47.908 [INFO ] [.o.core.internal.CoreActivator] - openHAB runtime has been started (v1.6.2).
2015-11-04 21:59:53.430 [INFO ] [o.o.i.s.i.DiscoveryServiceImpl] - mDNS service has been started
2015-11-04 21:59:53.622 [INFO ] [o.o.i.s.i.DiscoveryServiceImpl] - Service Discovery initialization completed.
2015-11-04 22:00:01.383 [INFO ] [c.internal.ModelRepositoryImpl] - Loading model 'logging.persist'
2015-11-04 22:00:01.924 [INFO ] [c.internal.ModelRepositoryImpl] - Loading model 'rrd4j.persist'
2015-11-04 22:00:01.967 [INFO ] [c.internal.ModelRepositoryImpl] - Loading model 'db4o.persist'
2015-11-04 22:00:09.022 [INFO ] [penhab.io.rest.RESTApplication] - Started REST API at /rest
2015-11-04 22:00:55.334 [WARN ] [o.config.core.ConfigDispatcher] - Main openHAB configuration file 'configurations/openhab.cfg' does not exist.
2015-11-04 22:00:55.373 [INFO ] [.o.core.internal.CoreActivator] - openHAB runtime has been started (v1.6.2).
2015-11-04 22:01:02.524 [INFO ] [o.o.i.s.i.DiscoveryServiceImpl] - mDNS service has been started
2015-11-04 22:01:02.734 [INFO ] [o.o.i.s.i.DiscoveryServiceImpl] - Service Discovery initialization completed.
2015-11-04 22:01:08.869 [INFO ] [c.internal.ModelRepositoryImpl] - Loading model 'logging.persist'
2015-11-04 22:01:09.418 [INFO ] [c.internal.ModelRepositoryImpl] - Loading model 'rrd4j.persist'
2015-11-04 22:01:09.459 [INFO ] [c.internal.ModelRepositoryImpl] - Loading model 'db4o.persist'
2015-11-04 22:01:13.111 [INFO ] [penhab.io.rest.RESTApplication] - Started REST API at /rest
2015-11-04 22:01:18.794 [INFO ] [.o.u.w.i.servlet.WebAppServlet] - Started Classic UI at /openhab.app
2015-11-04 22:01:25.180 [INFO ] [.o.io.habmin.HABminApplication] - Started HABmin REST API at /services/habmin
2015-11-04 22:01:30.574 [INFO ] [.z.internal.ZWaveActiveBinding] - Update config, port = /dev/ttyACM0
2015-11-04 22:01:30.576 [INFO ] [.z.internal.ZWaveActiveBinding] - Update config, healtime = 2
2015-11-04 22:01:30.582 [INFO ] [.service.AbstractActiveService] - ZWave Refresh Service has been started
2015-11-04 22:01:30.690 [INFO ] [b.z.i.protocol.ZWaveController] - Starting Z-Wave controller
2015-11-04 22:01:30.692 [INFO ] [b.z.i.protocol.ZWaveController] - Z-Wave timeout is set to 5000ms. Soft reset is false.
2015-11-04 22:01:30.693 [INFO ] [b.z.i.protocol.ZWaveController] - Connecting to serial port /dev/ttyACM0
2015-11-04 22:01:30.921 [INFO ] [b.z.i.protocol.ZWaveController] - Serial port is initialized
2015-11-04 22:01:31.150 [INFO ] [.service.AbstractActiveService] - HTTP Refresh Service has been started
2015-11-04 22:01:31.196 [INFO ] [.service.AbstractActiveService] - NTP Refresh Service has been started
2015-11-04 22:01:34.257 [INFO ] [rialApiGetInitDataMessageClass] - NODE 1: Node found
2015-11-04 22:01:34.259 [INFO ] [rialApiGetInitDataMessageClass] - ZWave Controller using Controller API
2015-11-04 22:01:34.260 [INFO ] [rialApiGetInitDataMessageClass] - ZWave Controller is Primary Controller
2015-11-04 22:01:34.260 [INFO ] [rialApiGetInitDataMessageClass] - ------------Number of Nodes Found Registered to ZWave Controller------------
2015-11-04 22:01:34.261 [INFO ] [rialApiGetInitDataMessageClass] - # Nodes = 1
2015-11-04 22:01:34.262 [INFO ] [rialApiGetInitDataMessageClass] - ----------------------------------------------------------------------------
2015-11-04 22:01:54.173 [ERROR] [i.h.s.p.PersistenceModelHelper] - Can't open model file 'exec'
